INFO: [VRFC 10-2263] Analyzing SystemVerilog file "C:/Users/15002/OneDrive/ECE212/Lab10/Lab10.srcs/sources_1/new/floprEn.sv" into library xil_defaultlib
INFO: [VRFC 10-311] analyzing module floprEn
INFO: [VRFC 10-2263] Analyzing SystemVerilog file "C:/Users/15002/OneDrive/ECE212/Lab10/Lab10.srcs/sources_1/new/mux3.sv" into library xil_defaultlib
INFO: [VRFC 10-311] analyzing module mux3
INFO: [VRFC 10-2263] Analyzing SystemVerilog file "C:/Users/15002/OneDrive/ECE212/Lab10/Lab10.srcs/sources_1/new/sl2.sv" into library xil_defaultlib
INFO: [VRFC 10-311] analyzing module sl2
INFO: [VRFC 10-2263] Analyzing SystemVerilog file "C:/Users/15002/OneDrive/ECE212/Lab10/Lab10.srcs/sources_1/new/signext.sv" into library xil_defaultlib
INFO: [VRFC 10-311] analyzing module signext
INFO: [VRFC 10-2263] Analyzing SystemVerilog file "C:/Users/15002/OneDrive/ECE212/Lab10/Lab10.srcs/sources_1/new/regfile.sv" into library xil_defaultlib
INFO: [VRFC 10-311] analyzing module regfile
INFO: [VRFC 10-2263] Analyzing SystemVerilog file "C:/Users/15002/OneDrive/ECE212/Lab10/Lab10.srcs/sources_1/new/mux4.sv" into library xil_defaultlib
INFO: [VRFC 10-311] analyzing module mux4
INFO: [VRFC 10-2263] Analyzing SystemVerilog file "C:/Users/15002/OneDrive/ECE212/Lab10/Lab10.srcs/sources_1/new/mux2.sv" into library xil_defaultlib
INFO: [VRFC 10-311] analyzing module mux2
INFO: [VRFC 10-2263] Analyzing SystemVerilog file "C:/Users/15002/OneDrive/ECE212/Lab10/Lab10.srcs/sources_1/new/flopr.sv" into library xil_defaultlib
INFO: [VRFC 10-311] analyzing module flopr
INFO: [VRFC 10-2263] Analyzing SystemVerilog file "C:/Users/15002/OneDrive/ECE212/Lab10/Lab10.srcs/sources_1/new/alu.sv" into library xil_defaultlib
INFO: [VRFC 10-311] analyzing module alu
INFO: [VRFC 10-2263] Analyzing SystemVerilog file "C:/Users/15002/OneDrive/ECE212/Lab10/Lab10.srcs/sources_1/new/datapath.sv" into library xil_defaultlib
INFO: [VRFC 10-311] analyzing module datapath
INFO: [VRFC 10-2263] Analyzing SystemVerilog file "C:/Users/15002/OneDrive/ECE212/Lab10/Lab10.srcs/sim_1/new/dpSim.sv" into library xil_defaultlib
INFO: [VRFC 10-311] analyzing module mipstest
INFO: [VRFC 10-2263] Analyzing Verilog file "C:/Users/15002/OneDrive/ECE212/Lab10/Lab10.sim/sim_1/behav/glbl.v" into library xil_defaultlib
INFO: [VRFC 10-311] analyzing module glbl
