#-----------------------------------------------------------
# Vivado v2016.2 (64-bit)
# SW Build 1577090 on Thu Jun  2 16:32:40 MDT 2016
# IP Build 1577682 on Fri Jun  3 12:00:54 MDT 2016
# Start of session at: Tue Mar 02 14:39:12 2021
# Process ID: 1064
# Current directory: C:/Users/groteh/comp167/ECE212L/lab03
# Command line: vivado.exe -gui_launcher_event rodinguilauncherevent9648 C:\Users\groteh\comp167\ECE212L\lab03\lab03.xpr
# Log file: C:/Users/groteh/comp167/ECE212L/lab03/vivado.log
# Journal file: C:/Users/groteh/comp167/ECE212L/lab03\vivado.jou
#-----------------------------------------------------------
start_gui
open_project C:/Users/groteh/comp167/ECE212L/lab03/lab03.xpr
INFO: [Project 1-313] Project file moved from 'C:/Users/groteh/Desktop/lab03' since last save.
Scanning sources...
Finished scanning sources
INFO: [IP_Flow 19-234] Refreshing IP repositories
INFO: [IP_Flow 19-1704] No user IP repositories specified
INFO: [IP_Flow 19-2313] Loaded Vivado IP repository 'C:/Xilinx/Vivado/2016.2/data/ip'.
open_project: Time (s): cpu = 00:00:11 ; elapsed = 00:00:07 . Memory (MB): peak = 827.965 ; gain = 170.383
update_compile_order -fileset sources_1
close [ open C:/Users/groteh/comp167/ECE212L/lab03/lab03.srcs/sources_1/new/scroll_count_1.sv w ]
add_files C:/Users/groteh/comp167/ECE212L/lab03/lab03.srcs/sources_1/new/scroll_count_1.sv
update_compile_order -fileset sources_1
close [ open C:/Users/groteh/comp167/ECE212L/lab03/lab03.srcs/sources_1/new/color_detect.sv w ]
add_files C:/Users/groteh/comp167/ECE212L/lab03/lab03.srcs/sources_1/new/color_detect.sv
update_compile_order -fileset sources_1
close [ open C:/Users/groteh/comp167/ECE212L/lab03/lab03.srcs/sources_1/new/number_count.sv w ]
add_files C:/Users/groteh/comp167/ECE212L/lab03/lab03.srcs/sources_1/new/number_count.sv
update_compile_order -fileset sources_1
exit
INFO: [Common 17-206] Exiting Vivado at Tue Mar 02 15:25:07 2021...
